c:\users\dell\desktop\launch-ray render\launch-ray render\x64\release\qrc_launchrayrender.obj
c:\users\dell\desktop\launch-ray render\launch-ray render\x64\release\material.obj
c:\users\dell\desktop\launch-ray render\launch-ray render\x64\release\render.obj
c:\users\dell\desktop\launch-ray render\launch-ray render\x64\release\main.obj
c:\users\dell\desktop\launch-ray render\launch-ray render\x64\release\matrix.obj
c:\users\dell\desktop\launch-ray render\launch-ray render\x64\release\meshtriangles.obj
c:\users\dell\desktop\launch-ray render\launch-ray render\x64\release\triangle.obj
c:\users\dell\desktop\launch-ray render\launch-ray render\x64\release\vector3d.obj
c:\users\dell\desktop\launch-ray render\launch-ray render\x64\release\camera.obj
c:\users\dell\desktop\launch-ray render\launch-ray render\x64\release\ray.obj
c:\users\dell\desktop\launch-ray render\launch-ray render\x64\release\scene3d.obj
c:\users\dell\desktop\launch-ray render\launch-ray render\x64\release\launchrayrender.obj
c:\users\dell\desktop\launch-ray render\launch-ray render\x64\release\buckets.obj
c:\users\dell\desktop\launch-ray render\launch-ray render\x64\release\sceneparser.obj
c:\users\dell\desktop\launch-ray render\launch-ray render\x64\release\moc_launchrayrender.obj
c:\users\dell\desktop\launch-ray render\launch-ray render\x64\release\uic\ui_launchrayrender.h
c:\users\dell\desktop\launch-ray render\launch-ray render\x64\release\rcc\qrc_launchrayrender.cpp
c:\users\dell\desktop\launch-ray render\launch-ray render\x64\release\moc\moc_launchrayrender.cpp
c:\users\dell\desktop\launch-ray render\launch-ray render\x64\release\moc\moc_render.cpp
c:\users\dell\desktop\launch-ray render\x64\release\launch-ray render.exe
c:\users\dell\desktop\launch-ray render\launch-ray render\x64\release\launch-r.28f71e25.tlog\cl.command.1.tlog
c:\users\dell\desktop\launch-ray render\launch-ray render\x64\release\launch-r.28f71e25.tlog\cl.read.1.tlog
c:\users\dell\desktop\launch-ray render\launch-ray render\x64\release\launch-r.28f71e25.tlog\cl.write.1.tlog
c:\users\dell\desktop\launch-ray render\launch-ray render\x64\release\launch-r.28f71e25.tlog\launch-ray render.write.1u.tlog
c:\users\dell\desktop\launch-ray render\launch-ray render\x64\release\launch-r.28f71e25.tlog\link.command.1.tlog
c:\users\dell\desktop\launch-ray render\launch-ray render\x64\release\launch-r.28f71e25.tlog\link.read.1.tlog
c:\users\dell\desktop\launch-ray render\launch-ray render\x64\release\launch-r.28f71e25.tlog\link.write.1.tlog
c:\users\dell\desktop\launch-ray render\launch-ray render\x64\release\launch-r.28f71e25.tlog\moc.read.1u.tlog
c:\users\dell\desktop\launch-ray render\launch-ray render\x64\release\launch-r.28f71e25.tlog\moc.write.1u.tlog
c:\users\dell\desktop\launch-ray render\launch-ray render\x64\release\launch-r.28f71e25.tlog\rcc.read.1u.tlog
c:\users\dell\desktop\launch-ray render\launch-ray render\x64\release\launch-r.28f71e25.tlog\rcc.write.1u.tlog
c:\users\dell\desktop\launch-ray render\launch-ray render\x64\release\launch-r.28f71e25.tlog\uic.read.1u.tlog
c:\users\dell\desktop\launch-ray render\launch-ray render\x64\release\launch-r.28f71e25.tlog\uic.write.1u.tlog
