c:\users\dell\desktop\launch-ray render\launch-ray render\x64\debug\vc143.pdb
c:\users\dell\desktop\launch-ray render\launch-ray render\x64\debug\qrc_launchrayrender.obj
c:\users\dell\desktop\launch-ray render\launch-ray render\x64\debug\launchrayrender.obj
c:\users\dell\desktop\launch-ray render\launch-ray render\x64\debug\main.obj
c:\users\dell\desktop\launch-ray render\launch-ray render\x64\debug\matrix.obj
c:\users\dell\desktop\launch-ray render\launch-ray render\x64\debug\render.obj
c:\users\dell\desktop\launch-ray render\launch-ray render\x64\debug\camera.obj
c:\users\dell\desktop\launch-ray render\launch-ray render\x64\debug\ray.obj
c:\users\dell\desktop\launch-ray render\launch-ray render\x64\debug\scene3d.obj
c:\users\dell\desktop\launch-ray render\launch-ray render\x64\debug\material.obj
c:\users\dell\desktop\launch-ray render\launch-ray render\x64\debug\meshtriangles.obj
c:\users\dell\desktop\launch-ray render\launch-ray render\x64\debug\triangle.obj
c:\users\dell\desktop\launch-ray render\launch-ray render\x64\debug\vector3d.obj
c:\users\dell\desktop\launch-ray render\launch-ray render\x64\debug\buckets.obj
c:\users\dell\desktop\launch-ray render\launch-ray render\x64\debug\sceneparser.obj
c:\users\dell\desktop\launch-ray render\launch-ray render\x64\debug\moc_render.obj
c:\users\dell\desktop\launch-ray render\launch-ray render\x64\debug\moc_launchrayrender.obj
c:\users\dell\desktop\launch-ray render\launch-ray render\x64\debug\uic\ui_launchrayrender.h
c:\users\dell\desktop\launch-ray render\launch-ray render\x64\debug\rcc\qrc_launchrayrender.cpp
c:\users\dell\desktop\launch-ray render\launch-ray render\x64\debug\moc\moc_launchrayrender.cpp
c:\users\dell\desktop\launch-ray render\launch-ray render\x64\debug\moc\moc_render.cpp
c:\users\dell\desktop\launch-ray render\x64\debug\launch-ray render.pdb
c:\users\dell\desktop\launch-ray render\x64\debug\launch-ray render.exe
c:\users\dell\desktop\launch-ray render\x64\debug\launch-ray render.ilk
c:\users\dell\desktop\launch-ray render\launch-ray render\x64\debug\launch-r.28f71e25.tlog\cl.command.1.tlog
c:\users\dell\desktop\launch-ray render\launch-ray render\x64\debug\launch-r.28f71e25.tlog\cl.read.1.tlog
c:\users\dell\desktop\launch-ray render\launch-ray render\x64\debug\launch-r.28f71e25.tlog\cl.write.1.tlog
c:\users\dell\desktop\launch-ray render\launch-ray render\x64\debug\launch-r.28f71e25.tlog\launch-ray render.write.1u.tlog
c:\users\dell\desktop\launch-ray render\launch-ray render\x64\debug\launch-r.28f71e25.tlog\link.command.1.tlog
c:\users\dell\desktop\launch-ray render\launch-ray render\x64\debug\launch-r.28f71e25.tlog\link.read.1.tlog
c:\users\dell\desktop\launch-ray render\launch-ray render\x64\debug\launch-r.28f71e25.tlog\link.write.1.tlog
c:\users\dell\desktop\launch-ray render\launch-ray render\x64\debug\launch-r.28f71e25.tlog\moc.read.1u.tlog
c:\users\dell\desktop\launch-ray render\launch-ray render\x64\debug\launch-r.28f71e25.tlog\moc.write.1u.tlog
c:\users\dell\desktop\launch-ray render\launch-ray render\x64\debug\launch-r.28f71e25.tlog\rcc.read.1u.tlog
c:\users\dell\desktop\launch-ray render\launch-ray render\x64\debug\launch-r.28f71e25.tlog\rcc.write.1u.tlog
c:\users\dell\desktop\launch-ray render\launch-ray render\x64\debug\launch-r.28f71e25.tlog\uic.read.1u.tlog
c:\users\dell\desktop\launch-ray render\launch-ray render\x64\debug\launch-r.28f71e25.tlog\uic.write.1u.tlog
